<?xml version="1.0" encoding="UTF-8"?>
<robot generator="Robot 7.0 (Python 3.12.3 on win32)" generated="2024-05-31T20:23:09.585762" rpa="false" schemaversion="5">
<suite id="s1" name="TC 1" source="C:\Users\khens\PycharmProjects\Project PKPL\TC_1.robot">
<test id="s1-t1" name="Login Test" line="12">
<kw name="Open Browser" owner="SeleniumLibrary">
<msg time="2024-05-31T20:23:10.895534" level="INFO">Opening browser 'edge' to base url 'http://127.0.0.1:8000/contributor/login'.</msg>
<arg>${URL}</arg>
<arg>${BROWSER}</arg>
<doc>Opens a new browser instance to the optional ``url``.</doc>
<status status="PASS" start="2024-05-31T20:23:10.894557" elapsed="12.530331"/>
</kw>
<kw name="Set Selenium Implicit Wait" owner="SeleniumLibrary">
<arg>5</arg>
<doc>Sets the implicit wait value used by Selenium.</doc>
<status status="PASS" start="2024-05-31T20:23:23.426933" elapsed="0.002941"/>
</kw>
<kw name="Input Text" owner="SeleniumLibrary">
<msg time="2024-05-31T20:23:23.432908" level="INFO">Typing text 'johannasiagian' into text field '//*[@id="form2Example17"]'.</msg>
<arg>//*[@id="form2Example17"]</arg>
<arg>${USERNAME}</arg>
<doc>Types the given ``text`` into the text field identified by ``locator``.</doc>
<status status="PASS" start="2024-05-31T20:23:23.430870" elapsed="1.380719"/>
</kw>
<kw name="Input Password" owner="SeleniumLibrary">
<msg time="2024-05-31T20:23:24.814589" level="INFO">Typing password into text field '//*[@id="form2Example27"]'.</msg>
<msg time="2024-05-31T20:23:25.224514" level="INFO">Temporally setting log level to: NONE</msg>
<arg>//*[@id="form2Example27"]</arg>
<arg>${PASSWORD}</arg>
<doc>Types the given password into the text field identified by ``locator``.</doc>
<status status="PASS" start="2024-05-31T20:23:24.813605" elapsed="0.626481"/>
</kw>
<kw name="Click Element" owner="SeleniumLibrary">
<msg time="2024-05-31T20:23:25.442084" level="INFO">Clicking element '//html/body/section/div/div/div/div/div/div[2]/div/form/div[4]'.</msg>
<arg>${LOGIN_BUTTON}</arg>
<doc>Click the element identified by ``locator``.</doc>
<status status="PASS" start="2024-05-31T20:23:25.442084" elapsed="0.135762"/>
</kw>
<status status="PASS" start="2024-05-31T20:23:10.892535" elapsed="14.686318"/>
</test>
<status status="PASS" start="2024-05-31T20:23:09.592303" elapsed="15.989544"/>
</suite>
<statistics>
<total>
<stat pass="1" fail="0" skip="0">All Tests</stat>
</total>
<tag>
</tag>
<suite>
<stat pass="1" fail="0" skip="0" id="s1" name="TC 1">TC 1</stat>
</suite>
</statistics>
<errors>
</errors>
</robot>
