<?xml version="1.0" encoding="UTF-8"?>
<robot generator="Robot 7.0 (Python 3.12.3 on win32)" generated="2024-05-31T21:34:00.161361" rpa="false" schemaversion="5">
<suite id="s1" name="Tambah Profile" source="C:\Users\khens\PycharmProjects\Project PKPL\Profile\Tambah_Profile.robot">
<test id="s1-t1" name="Tambah Destinasi Test" line="17">
<kw name="Ensure Screenshot Directory Exists">
<kw name="Create Directory" owner="OperatingSystem">
<msg time="2024-05-31T21:34:00.334409" level="FAIL">Keyword 'OperatingSystem.Create Directory' expected 1 argument, got 2.</msg>
<arg>${path}</arg>
<arg>exist_ok=True</arg>
<doc>Creates the specified directory.</doc>
<status status="FAIL" start="2024-05-31T21:34:00.334409" elapsed="0.000000">Keyword 'OperatingSystem.Create Directory' expected 1 argument, got 2.</status>
</kw>
<arg>${SCREENSHOT_DIR}</arg>
<status status="FAIL" start="2024-05-31T21:34:00.333414" elapsed="0.000995">Keyword 'OperatingSystem.Create Directory' expected 1 argument, got 2.</status>
</kw>
<kw name="Open Browser" owner="SeleniumLibrary">
<arg>${URL}</arg>
<arg>${BROWSER}</arg>
<doc>Opens a new browser instance to the optional ``url``.</doc>
<status status="NOT RUN" start="2024-05-31T21:34:00.335393" elapsed="0.000000"/>
</kw>
<kw name="Set Selenium Implicit Wait" owner="SeleniumLibrary">
<arg>5</arg>
<doc>Sets the implicit wait value used by Selenium.</doc>
<status status="NOT RUN" start="2024-05-31T21:34:00.335393" elapsed="0.000000"/>
</kw>
<kw name="Input Text" owner="SeleniumLibrary">
<arg>//*[@id="form2Example17"]</arg>
<arg>${USERNAME}</arg>
<doc>Types the given ``text`` into the text field identified by ``locator``.</doc>
<status status="NOT RUN" start="2024-05-31T21:34:00.335393" elapsed="0.000000"/>
</kw>
<kw name="Input Password" owner="SeleniumLibrary">
<arg>//*[@id="form2Example27"]</arg>
<arg>${PASSWORD}</arg>
<doc>Types the given password into the text field identified by ``locator``.</doc>
<status status="NOT RUN" start="2024-05-31T21:34:00.335393" elapsed="0.000000"/>
</kw>
<kw name="Click Element" owner="SeleniumLibrary">
<arg>${LOGIN_BUTTON}</arg>
<doc>Click the element identified by ``locator``.</doc>
<status status="NOT RUN" start="2024-05-31T21:34:00.335393" elapsed="0.000000"/>
</kw>
<kw name="Wait Until Element Is Visible" owner="SeleniumLibrary">
<arg>${PROFILE_BUTTON}</arg>
<arg>20</arg>
<doc>Waits until the element ``locator`` is visible.</doc>
<status status="NOT RUN" start="2024-05-31T21:34:00.336394" elapsed="0.000000"/>
</kw>
<kw name="Click Element" owner="SeleniumLibrary">
<arg>${PROFILE_BUTTON}</arg>
<doc>Click the element identified by ``locator``.</doc>
<status status="NOT RUN" start="2024-05-31T21:34:00.336394" elapsed="0.000000"/>
</kw>
<kw name="Wait Until Element Is Visible" owner="SeleniumLibrary">
<arg>${MYPROFILE_BUTTON}</arg>
<arg>20</arg>
<doc>Waits until the element ``locator`` is visible.</doc>
<status status="NOT RUN" start="2024-05-31T21:34:00.336394" elapsed="0.000000"/>
</kw>
<kw name="Click Element" owner="SeleniumLibrary">
<arg>${MYPROFILE_BUTTON}</arg>
<doc>Click the element identified by ``locator``.</doc>
<status status="NOT RUN" start="2024-05-31T21:34:00.336394" elapsed="0.000000"/>
</kw>
<kw name="Wait Until Element Is Visible" owner="SeleniumLibrary">
<arg>//*[@id="phone"]</arg>
<arg>20</arg>
<doc>Waits until the element ``locator`` is visible.</doc>
<status status="NOT RUN" start="2024-05-31T21:34:00.336394" elapsed="0.000000"/>
</kw>
<kw name="Input Text" owner="SeleniumLibrary">
<arg>//*[@id="phone"]</arg>
<arg>${PHONE}</arg>
<doc>Types the given ``text`` into the text field identified by ``locator``.</doc>
<status status="NOT RUN" start="2024-05-31T21:34:00.337393" elapsed="0.000000"/>
</kw>
<kw name="Capture Page Screenshot" owner="SeleniumLibrary">
<arg>${SCREENSHOT_DIR}/after_adding_phone.png</arg>
<doc>Takes a screenshot of the current page and embeds it into a log file.</doc>
<status status="NOT RUN" start="2024-05-31T21:34:00.337393" elapsed="0.000000"/>
</kw>
<kw name="Close Browser" owner="SeleniumLibrary">
<doc>Closes the current browser.</doc>
<status status="NOT RUN" start="2024-05-31T21:34:00.337393" elapsed="0.000000"/>
</kw>
<doc>Test case to click the "Tambah" button and add a phone number to the profile.</doc>
<status status="FAIL" start="2024-05-31T21:34:00.333414" elapsed="0.003979">Keyword 'OperatingSystem.Create Directory' expected 1 argument, got 2.</status>
</test>
<status status="FAIL" start="2024-05-31T21:34:00.163277" elapsed="0.175116"/>
</suite>
<statistics>
<total>
<stat pass="0" fail="1" skip="0">All Tests</stat>
</total>
<tag>
</tag>
<suite>
<stat pass="0" fail="1" skip="0" id="s1" name="Tambah Profile">Tambah Profile</stat>
</suite>
</statistics>
<errors>
</errors>
</robot>
